2012  66  0.000000  1.808376  -3.777609  -1.109195  1.183151  2.278458  25.575824  0.658174  1.805920  10  1.924881  1.686054  0.928650  0.862587  1.448696  
2012  66  900.000000  3.881954  -9.478647  -0.963023  0.072519  1.076732  12.326076  0.299967  1.023562  9  2.332755  2.001858  1.197628  0.918258  1.778830  
2012  66  1800.000000  0.426103  0.366473  -2.961689  2.465819  0.046093  0.075824  0.002890  0.008612  9  2.350860  2.017244  1.207174  1.036302  1.730708  
2012  66  2700.000000  0.227965  0.496656  -2.971474  2.483632  0.013710  0.005881  0.000782  0.000356  9  2.527582  2.157247  1.317177  1.076607  1.869394  
2012  66  3600.000000  0.286611  0.462749  -2.988448  2.481189  0.006706  0.002839  0.000330  0.000187  11  1.700984  1.507222  0.788434  0.789658  1.283806  
2012  66  4500.000000  0.302580  0.427758  -3.001068  2.474908  0.004070  0.001693  0.000173  0.000117  9  2.276238  1.988571  1.107631  1.206007  1.581127  
2012  66  5400.000000  0.311439  0.417776  -3.008264  2.475417  0.002444  0.001149  0.000103  0.000125  8  3.081177  2.625228  1.613020  1.471434  2.174098  
2012  66  6300.000000  0.321685  0.396433  -3.012199  2.477982  0.001516  0.000851  0.000069  0.000124  9  2.619438  2.267128  1.312091  1.348060  1.822801  
2012  66  7200.000000  0.346368  0.376664  -3.009957  2.463781  0.000994  0.000607  0.000047  0.000096  9  2.401430  2.098743  1.167109  1.240308  1.693033  
2012  66  8100.000000  0.356464  0.369723  -3.010739  2.463306  0.000689  0.000461  0.000034  0.000070  10  2.081970  1.865188  0.925026  1.143450  1.473583  
2012  66  9000.000000  0.357834  0.370442  -3.009725  2.461951  0.000485  0.000378  0.000028  0.000071  9  2.491293  2.187574  1.192082  1.232649  1.807223  
2012  66  9900.000000  0.356262  0.370732  -3.008495  2.459986  0.000342  0.000324  0.000023  0.000060  9  2.381426  2.111844  1.100592  1.243160  1.707173  
2012  66  10800.000000  0.345417  0.368494  -3.007528  2.460459  0.000241  0.000284  0.000019  0.000043  9  2.292262  2.050652  1.024348  1.277212  1.604339  
2012  66  11700.000000  0.344523  0.370048  -3.007283  2.453497  0.000196  0.000268  0.000016  0.000042  8  2.488503  2.193302  1.175616  1.371348  1.711718  
2012  66  12600.000000  0.333068  0.372551  -3.008779  2.469177  0.000168  0.000260  0.000014  0.000039  8  2.347184  2.095595  1.057239  1.471958  1.491595  
2012  66  13500.000000  0.333910  0.372273  -3.008561  2.476732  0.000144  0.000248  0.000012  0.000036  9  2.050924  1.840942  0.904003  1.185394  1.408513  
2012  66  14400.000000  0.337932  0.371577  -3.008226  2.476171  0.000127  0.000243  0.000011  0.000051  6  3.312948  2.890819  1.618267  1.564545  2.430851  
2012  66  15300.000000  0.345900  0.370392  -3.007842  2.469450  0.000110  0.000237  0.000009  0.000060  7  2.641941  2.301027  1.298125  1.210418  1.956940  
2012  66  16200.000000  0.348518  0.369724  -3.009882  2.478962  0.000095  0.000231  0.000009  0.000069  7  2.542769  2.292917  1.099185  1.150463  1.983407  
2012  66  17100.000000  0.345832  0.364149  -3.009127  2.481599  0.000075  0.000199  0.000008  0.000057  8  2.463628  2.245992  1.012414  0.947449  2.036375  
2012  66  18000.000000  0.344392  0.358134  -3.008703  2.481991  0.000070  0.000184  0.000008  0.000071  7  2.506024  2.278137  1.044151  0.990139  2.051714  
2012  66  18900.000000  0.342506  0.357589  -3.009822  2.472546  0.000067  0.000178  0.000007  0.000074  7  5.422674  5.029330  2.027619  1.257022  4.869708  
2012  66  19800.000000  0.340846  0.352932  -3.010278  2.447929  0.000066  0.000176  0.000007  0.000059  7  4.572369  4.064457  2.094457  1.094575  3.914296  
2012  66  20700.000000  0.339354  0.353336  -3.010819  2.448131  0.000065  0.000174  0.000007  0.000038  8  2.571687  2.307643  1.135059  1.024643  2.067685  
2012  66  21600.000000  0.339095  0.351843  -3.010405  2.447282  0.000065  0.000172  0.000007  0.000055  8  2.635286  2.365284  1.161964  0.980215  2.152614  
2012  66  22500.000000  0.338811  0.351530  -3.010309  2.451827  0.000065  0.000171  0.000007  0.000054  8  2.535761  2.280222  1.109357  0.914723  2.088706  
2012  66  23400.000000  0.338743  0.349631  -3.009618  2.455202  0.000064  0.000168  0.000007  0.000046  8  3.556767  3.275809  1.385521  0.815928  3.172568  
2012  66  24300.000000  0.338342  0.348908  -3.009561  2.459047  0.000064  0.000166  0.000007  0.000059  8  2.439532  2.194126  1.066362  0.847741  2.023740  
2012  66  25200.000000  0.339341  0.348542  -3.009356  2.460338  0.000063  0.000164  0.000006  0.000044  9  2.298045  2.092064  0.950936  0.815435  1.926602  
2012  66  26100.000000  0.339045  0.352489  -3.009886  2.460362  0.000061  0.000159  0.000006  0.000026  8  2.831120  2.549160  1.231676  0.920304  2.377237  
2012  66  27000.000000  0.334272  0.340346  -3.008414  2.469599  0.000059  0.000154  0.000006  0.000047  7  3.555860  3.142436  1.664103  1.043933  2.963968  
2012  66  27900.000000  0.334109  0.340364  -3.008210  2.467046  0.000057  0.000151  0.000006  0.000061  7  2.978823  2.621560  1.414500  1.083160  2.387329  
2012  66  28800.000000  0.333610  0.340229  -3.008108  2.461579  0.000054  0.000147  0.000006  0.000061  7  2.966038  2.614407  1.400807  1.077329  2.382118  
2012  66  29700.000000  0.332631  0.338992  -3.007810  2.461687  0.000051  0.000144  0.000006  0.000046  7  2.678419  2.371905  1.244185  1.083626  2.109902  
2012  66  30600.000000  0.329734  0.342652  -3.007654  2.468276  0.000048  0.000137  0.000006  0.000027  6  3.248801  2.906182  1.452176  2.010945  2.098092  
2012  66  31500.000000  0.329644  0.343331  -3.007683  2.461208  0.000046  0.000126  0.000006  0.000022  6  2.956705  2.572745  1.457081  1.490541  2.096975  
2012  66  32400.000000  0.330043  0.346133  -3.007825  2.457253  0.000045  0.000120  0.000005  0.000041  7  2.572010  2.243531  1.257698  1.391250  1.760072  
2012  66  33300.000000  0.330329  0.345775  -3.007835  2.451743  0.000044  0.000115  0.000005  0.000046  6  2.722699  2.405061  1.276234  1.591827  1.802888  
2012  66  34200.000000  0.331075  0.354191  -3.007913  2.466198  0.000042  0.000110  0.000005  0.000036  6  2.635048  2.324839  1.240404  1.513634  1.764592  
2012  66  35100.000000  0.331987  0.355127  -3.007352  2.463884  0.000041  0.000108  0.000005  0.000057  6  3.745369  3.113017  2.082525  1.439201  2.760358  
2012  66  36000.000000  0.332321  0.355047  -3.007015  2.463201  0.000040  0.000106  0.000005  0.000074  6  4.261356  3.526420  2.392388  1.440926  3.218598  
2012  66  36900.000000  0.332152  0.355422  -3.007072  2.461294  0.000039  0.000105  0.000004  0.000088  6  2.654557  2.346297  1.241597  1.290802  1.959321  
2012  66  37800.000000  0.332484  0.355453  -3.007210  2.455434  0.000038  0.000105  0.000004  0.000095  8  2.318050  2.016164  1.143871  1.037570  1.728689  
2012  66  38700.000000  0.332804  0.355400  -3.007365  2.457736  0.000037  0.000100  0.000004  0.000083  8  2.421734  2.107801  1.192464  1.024420  1.842116  
2012  66  39600.000000  0.333623  0.360619  -3.008041  2.472537  0.000036  0.000097  0.000004  0.000051  7  3.207246  2.704397  1.724140  1.539233  2.223629  
2012  66  40500.000000  0.334435  0.359627  -3.008042  2.467570  0.000035  0.000095  0.000004  0.000056  7  2.816846  2.473061  1.348551  1.072698  2.228307  
2012  66  41400.000000  0.334290  0.359740  -3.007913  2.469657  0.000034  0.000095  0.000004  0.000057  6  5.040874  4.182267  2.814081  1.792417  3.778703  
2012  66  42300.000000  0.333211  0.359925  -3.008037  2.463218  0.000032  0.000094  0.000004  0.000062  7  4.040910  3.486402  2.043026  1.187457  3.277948  
2012  66  43200.000000  0.334547  0.359634  -3.007868  2.459901  0.000030  0.000094  0.000004  0.000058  7  4.627899  3.984347  2.354236  1.353278  3.747487  
2012  66  44100.000000  0.338469  0.357678  -3.006345  2.463341  0.000028  0.000094  0.000004  0.000039  7  4.257753  3.675446  2.149314  1.361312  3.414050  
2012  66  45000.000000  0.334423  0.357836  -3.007755  2.457351  0.000027  0.000093  0.000003  0.000045  9  2.120398  1.906996  0.927067  0.823899  1.719832  
2012  66  45900.000000  0.334042  0.357871  -3.007866  2.451611  0.000026  0.000091  0.000003  0.000049  8  2.227910  1.986806  1.008059  0.860723  1.790686  
2012  66  46800.000000  0.334483  0.357174  -3.007647  2.454738  0.000025  0.000090  0.000003  0.000049  8  2.154721  1.921139  0.975730  0.908145  1.692940  
2012  66  47700.000000  0.333729  0.356017  -3.007778  2.449579  0.000024  0.000088  0.000003  0.000046  8  2.031424  1.820777  0.900808  0.962671  1.545475  
2012  66  48600.000000  0.334545  0.356533  -3.007702  2.451942  0.000023  0.000085  0.000003  0.000042  9  1.976451  1.765576  0.888313  0.843181  1.551227  
2012  66  49500.000000  0.332028  0.359715  -3.008164  2.459598  0.000022  0.000082  0.000003  0.000035  10  1.830653  1.644240  0.804839  0.784442  1.445053  
2012  66  50400.000000  0.332252  0.357650  -3.007798  2.459387  0.000022  0.000080  0.000003  0.000037  9  2.182904  1.928727  1.022292  0.959488  1.673132  
2012  66  51300.000000  0.332474  0.357975  -3.007521  2.456068  0.000021  0.000079  0.000003  0.000031  10  2.005571  1.782823  0.918617  0.847619  1.568439  
2012  66  52200.000000  0.333707  0.358909  -3.007355  2.456200  0.000021  0.000078  0.000003  0.000024  10  1.955899  1.740083  0.893115  0.824826  1.532171  
2012  66  53100.000000  0.334948  0.359038  -3.007452  2.455571  0.000020  0.000076  0.000003  0.000021  10  1.881925  1.677863  0.852301  0.805697  1.471760  
2012  66  54000.000000  0.333827  0.361016  -3.008705  2.464827  0.000020  0.000074  0.000003  0.000017  9  1.913593  1.698384  0.881664  0.842358  1.474768  
2012  66  54900.000000  0.335028  0.357393  -3.008719  2.453398  0.000019  0.000071  0.000003  0.000014  9  1.861777  1.655226  0.852315  0.847771  1.421638  
2012  66  55800.000000  0.335646  0.354665  -3.008069  2.446280  0.000019  0.000070  0.000003  0.000018  8  2.051712  1.818576  0.949898  0.966016  1.540789  
2012  66  56700.000000  0.335613  0.352851  -3.007671  2.444729  0.000018  0.000069  0.000003  0.000019  10  1.650858  1.487325  0.716377  0.790759  1.259697  
2012  66  57600.000000  0.334946  0.353008  -3.008074  2.438773  0.000018  0.000068  0.000003  0.000024  10  1.644210  1.494281  0.685969  0.813893  1.253177  
2012  66  58500.000000  0.335092  0.350442  -3.008100  2.444934  0.000018  0.000067  0.000002  0.000029  7  2.836306  2.478072  1.379780  1.277244  2.123556  
2012  66  59400.000000  0.335296  0.349911  -3.008161  2.445529  0.000018  0.000067  0.000002  0.000040  7  2.815276  2.472206  1.346838  1.250526  2.132602  
2012  66  60300.000000  0.335292  0.350292  -3.008283  2.444944  0.000018  0.000066  0.000002  0.000047  8  2.660549  2.348445  1.250331  1.111391  2.068817  
2012  66  61200.000000  0.336332  0.352150  -3.008181  2.446126  0.000018  0.000065  0.000002  0.000050  8  2.543126  2.257639  1.170708  1.045707  2.000857  
2012  66  62100.000000  0.336554  0.356216  -3.008612  2.460908  0.000017  0.000063  0.000002  0.000041  8  2.444470  2.183463  1.099056  1.010440  1.935594  
2012  66  63000.000000  0.337475  0.358363  -3.009300  2.464643  0.000017  0.000062  0.000002  0.000051  8  2.360826  2.119900  1.039002  1.002871  1.867679  
2012  66  63900.000000  0.338091  0.361445  -3.009527  2.472451  0.000017  0.000060  0.000002  0.000041  8  2.557840  2.271988  1.174997  0.912709  2.080598  
2012  66  64800.000000  0.338805  0.361237  -3.009912  2.469382  0.000017  0.000058  0.000002  0.000047  9  2.071535  1.869658  0.891982  0.864980  1.657538  
2012  66  65700.000000  0.339576  0.363616  -3.010573  2.467129  0.000016  0.000056  0.000002  0.000040  9  2.109496  1.897042  0.922608  0.838675  1.701586  
2012  66  66600.000000  0.339928  0.364590  -3.010751  2.475270  0.000016  0.000054  0.000002  0.000029  9  2.112346  1.892338  0.938649  0.827239  1.701945  
2012  66  67500.000000  0.341876  0.362295  -3.010955  2.458849  0.000016  0.000053  0.000002  0.000019  9  2.074098  1.851508  0.934774  0.832114  1.653985  
2012  66  68400.000000  0.342477  0.362813  -3.011004  2.462570  0.000015  0.000052  0.000002  0.000033  7  3.317988  2.844377  1.708381  1.091027  2.626812  
2012  66  69300.000000  0.343291  0.363356  -3.010864  2.460085  0.000015  0.000052  0.000002  0.000038  7  3.743181  3.174547  1.983345  1.171629  2.950430  
2012  66  70200.000000  0.342989  0.361658  -3.010595  2.480294  0.000015  0.000052  0.000002  0.000037  7  3.663636  3.091543  1.965857  1.186094  2.854964  
2012  66  71100.000000  0.342291  0.361506  -3.010609  2.483826  0.000015  0.000051  0.000002  0.000031  8  2.188655  1.923311  1.044551  0.959848  1.666678  
2012  66  72000.000000  0.342484  0.360740  -3.010533  2.464872  0.000014  0.000050  0.000002  0.000023  7  2.758189  2.347294  1.448384  1.119951  2.062886  
2012  66  72900.000000  0.340867  0.364753  -3.010946  2.477820  0.000014  0.000048  0.000002  0.000013  8  2.151955  1.889229  1.030400  0.991232  1.608305  
2012  66  73800.000000  0.339545  0.365885  -3.011150  2.478515  0.000014  0.000047  0.000002  0.000028  8  2.323472  2.026286  1.136964  1.025360  1.747705  
2012  66  74700.000000  0.339758  0.365715  -3.011248  2.480712  0.000014  0.000047  0.000002  0.000042  7  2.706602  2.336315  1.366502  1.142842  2.037714  
2012  66  75600.000000  0.340638  0.365790  -3.011384  2.477854  0.000014  0.000047  0.000002  0.000052  7  2.532056  2.206631  1.241808  1.155335  1.880006  
2012  66  76500.000000  0.341407  0.362909  -3.010919  2.467574  0.000013  0.000046  0.000002  0.000053  7  2.653891  2.303579  1.317823  1.170093  1.984278  
2012  66  77400.000000  0.341020  0.363486  -3.010976  2.468199  0.000013  0.000045  0.000002  0.000042  6  3.052923  2.679176  1.463679  1.636753  2.121091  
2012  66  78300.000000  0.341170  0.363808  -3.010982  2.467249  0.000013  0.000045  0.000002  0.000059  7  2.438571  2.144171  1.161534  1.271282  1.726647  
2012  66  79200.000000  0.340981  0.363708  -3.011067  2.472877  0.000013  0.000045  0.000002  0.000069  7  2.521447  2.219460  1.196534  1.393384  1.727566  
2012  66  80100.000000  0.341249  0.363840  -3.010873  2.474460  0.000013  0.000044  0.000001  0.000070  7  2.613215  2.274006  1.287552  1.280413  1.879267  
2012  66  81000.000000  0.341504  0.363098  -3.010671  2.476085  0.000012  0.000043  0.000001  0.000065  8  2.369881  2.078371  1.138731  1.155622  1.727474  
2012  66  81900.000000  0.341352  0.363961  -3.010722  2.479657  0.000012  0.000043  0.000001  0.000056  8  2.586327  2.241118  1.290923  1.114195  1.944525  
2012  66  82800.000000  0.341952  0.362878  -3.010460  2.478142  0.000012  0.000042  0.000001  0.000048  8  2.857621  2.451101  1.469049  1.114184  2.183229  
2012  66  83700.000000  0.341962  0.362461  -3.010262  2.485441  0.000012  0.000042  0.000001  0.000040  9  2.248894  1.958256  1.105783  0.978171  1.696452  
2012  66  84600.000000  0.342014  0.361567  -3.010191  2.482610  0.000012  0.000041  0.000001  0.000036  10  1.909729  1.679551  0.908941  0.882364  1.429099  
2012  66  85500.000000  0.341494  0.363018  -3.010407  2.483808  0.000011  0.000041  0.000001  0.000029  10  1.934692  1.696110  0.930723  0.867888  1.457244  
