2017  273  0.000000  -2.081675  4.823193  1.413704  2.513005  2.100970  22.728307  0.585565  1.747625  10  2.327976  2.053572  1.096502  0.853523  1.867795  
2017  273  900.000000  -1.813772  3.285769  1.555072  2.053181  0.524279  5.633631  0.287713  0.256311  10  2.181851  1.920917  1.034676  0.872124  1.711526  
2017  273  1800.000000  -1.427748  3.024891  0.571545  1.829006  0.037691  0.041668  0.003935  0.005665  8  2.504618  2.162929  1.262872  0.962952  1.936746  
2017  273  2700.000000  -1.488930  3.066244  0.523971  1.852026  0.012809  0.007889  0.001264  0.001049  9  2.029077  1.782593  0.969286  0.897844  1.539973  
2017  273  3600.000000  -1.540557  3.091826  0.514483  1.860035  0.007242  0.003674  0.000615  0.000562  9  1.938611  1.711633  0.910232  0.894448  1.459332  
2017  273  4500.000000  -1.495507  3.108438  0.520805  1.856266  0.002898  0.001423  0.000280  0.000124  9  1.902507  1.681433  0.890119  0.912481  1.412302  
2017  273  5400.000000  -1.492471  3.118666  0.520062  1.856938  0.001674  0.001037  0.000169  0.000103  8  2.423796  2.113902  1.185836  1.105535  1.801769  
2017  273  6300.000000  -1.506313  3.129005  0.517967  1.858591  0.001028  0.000856  0.000107  0.000084  8  2.327383  2.038340  1.123335  1.105028  1.712817  
2017  273  7200.000000  -1.510287  3.138203  0.516973  1.857205  0.000635  0.000692  0.000070  0.000055  8  2.299158  2.021262  1.095731  1.148456  1.663295  
2017  273  8100.000000  -1.499367  3.133076  0.522223  1.854211  0.000396  0.000583  0.000046  0.000071  7  4.280698  3.565605  2.368720  1.501246  3.234162  
2017  273  9000.000000  -1.497337  3.129587  0.521027  1.856067  0.000267  0.000486  0.000031  0.000065  8  2.691269  2.344056  1.322244  1.203754  2.011362  
2017  273  9900.000000  -1.498953  3.139302  0.518482  1.861956  0.000202  0.000369  0.000021  0.000035  8  2.823747  2.456083  1.393270  1.287898  2.091331  
2017  273  10800.000000  -1.499079  3.141424  0.517189  1.861946  0.000160  0.000320  0.000016  0.000058  9  2.054458  1.840413  0.913060  1.104240  1.472336  
2017  273  11700.000000  -1.497716  3.144900  0.516833  1.863112  0.000129  0.000269  0.000012  0.000057  9  2.018693  1.799088  0.915644  1.031894  1.473742  
2017  273  12600.000000  -1.499132  3.144006  0.515715  1.864976  0.000106  0.000237  0.000010  0.000076  9  2.002188  1.775943  0.924546  0.994795  1.471175  
2017  273  13500.000000  -1.499873  3.145038  0.514901  1.866019  0.000089  0.000222  0.000009  0.000085  8  2.427570  2.100572  1.216838  1.057983  1.814683  
2017  273  14400.000000  -1.497202  3.142990  0.515597  1.865810  0.000076  0.000212  0.000007  0.000079  9  2.064355  1.808530  0.995378  0.963132  1.530738  
2017  273  15300.000000  -1.493262  3.144159  0.516056  1.871784  0.000066  0.000202  0.000006  0.000061  9  2.082982  1.819836  1.013416  0.938383  1.559243  
2017  273  16200.000000  -1.491856  3.140146  0.515773  1.872441  0.000058  0.000181  0.000006  0.000036  10  1.931665  1.703046  0.911574  0.866487  1.466139  
2017  273  17100.000000  -1.491356  3.138027  0.515182  1.873825  0.000053  0.000177  0.000005  0.000047  8  2.507414  2.147847  1.293786  0.990431  1.905857  
2017  273  18000.000000  -1.491018  3.136619  0.515416  1.870112  0.000050  0.000170  0.000005  0.000050  7  2.903672  2.473125  1.521501  1.208809  2.157574  
2017  273  18900.000000  -1.489032  3.134716  0.515180  1.872217  0.000047  0.000164  0.000004  0.000051  8  3.029288  2.571234  1.601668  0.994566  2.371093  
2017  273  19800.000000  -1.488542  3.134661  0.515212  1.873328  0.000044  0.000159  0.000004  0.000050  10  2.474466  2.153104  1.219478  0.869979  1.969515  
2017  273  20700.000000  -1.487456  3.135332  0.514893  1.870439  0.000040  0.000149  0.000004  0.000045  10  2.450586  2.139106  1.195658  0.845143  1.965072  
2017  273  21600.000000  -1.486704  3.134391  0.514700  1.870928  0.000037  0.000137  0.000003  0.000035  11  1.855656  1.652436  0.844343  0.747287  1.473806  
2017  273  22500.000000  -1.485665  3.134131  0.514744  1.872573  0.000034  0.000119  0.000003  0.000020  11  1.815398  1.621956  0.815432  0.760087  1.432832  
2017  273  23400.000000  -1.486014  3.132978  0.515280  1.867445  0.000033  0.000113  0.000003  0.000019  10  1.900813  1.695306  0.859667  0.838853  1.473224  
2017  273  24300.000000  -1.484690  3.131314  0.516030  1.863712  0.000031  0.000103  0.000003  0.000012  11  1.562764  1.420193  0.652137  0.754891  1.202950  
2017  273  25200.000000  -1.484779  3.131377  0.515954  1.864445  0.000031  0.000100  0.000002  0.000023  10  1.834559  1.642430  0.817331  0.866166  1.395469  
2017  273  26100.000000  -1.485133  3.132353  0.516065  1.866179  0.000030  0.000098  0.000002  0.000022  10  1.907361  1.705741  0.853507  0.890510  1.454835  
2017  273  27000.000000  -1.485220  3.133106  0.516024  1.863417  0.000030  0.000095  0.000002  0.000017  10  1.979553  1.769524  0.887364  0.931957  1.504218  
2017  273  27900.000000  -1.484810  3.134583  0.515861  1.868169  0.000029  0.000090  0.000002  0.000012  10  2.045971  1.829369  0.916192  0.988672  1.539194  
2017  273  28800.000000  -1.485880  3.132475  0.515731  1.867996  0.000028  0.000084  0.000002  0.000007  11  1.648211  1.496873  0.689906  0.852512  1.230387  
2017  273  29700.000000  -1.486742  3.132370  0.515874  1.872530  0.000026  0.000081  0.000002  0.000016  9  1.993416  1.797077  0.862683  1.150372  1.380626  
2017  273  30600.000000  -1.487441  3.133426  0.515767  1.871786  0.000025  0.000079  0.000002  0.000015  9  2.013072  1.816889  0.866820  1.148022  1.408236  
2017  273  31500.000000  -1.488077  3.132904  0.515940  1.871652  0.000024  0.000074  0.000002  0.000009  10  1.671567  1.511511  0.713772  0.948539  1.176835  
2017  273  32400.000000  -1.488454  3.133988  0.515801  1.870585  0.000022  0.000071  0.000002  0.000016  9  2.041941  1.787889  0.986394  1.038743  1.455184  
2017  273  33300.000000  -1.488722  3.133604  0.515885  1.869496  0.000021  0.000068  0.000002  0.000020  9  2.056238  1.796071  1.001120  0.989854  1.498686  
2017  273  34200.000000  -1.488075  3.132091  0.516129  1.868216  0.000020  0.000066  0.000002  0.000023  10  1.813393  1.608323  0.837671  0.880841  1.345668  
2017  273  35100.000000  -1.488574  3.132207  0.516265  1.865108  0.000019  0.000065  0.000002  0.000025  10  1.851401  1.637019  0.864786  0.855116  1.395925  
2017  273  36000.000000  -1.488196  3.133101  0.516301  1.869568  0.000018  0.000062  0.000002  0.000018  11  1.648603  1.475126  0.736136  0.790978  1.245131  
2017  273  36900.000000  -1.488122  3.131032  0.516757  1.869036  0.000017  0.000057  0.000002  0.000009  12  1.541408  1.386105  0.674279  0.719489  1.184746  
2017  273  37800.000000  -1.487866  3.131143  0.516538  1.871991  0.000017  0.000056  0.000001  0.000018  11  1.954983  1.735075  0.900817  0.840813  1.517735  
2017  273  38700.000000  -1.488465  3.131566  0.516702  1.874389  0.000016  0.000054  0.000001  0.000017  11  1.909934  1.701957  0.866712  0.809482  1.497130  
2017  273  39600.000000  -1.488583  3.131067  0.516692  1.873376  0.000016  0.000052  0.000001  0.000026  12  1.799997  1.612353  0.800192  0.738130  1.433473  
2017  273  40500.000000  -1.488979  3.130492  0.516571  1.870389  0.000015  0.000051  0.000001  0.000028  11  1.891407  1.681453  0.866105  0.746350  1.506734  
2017  273  41400.000000  -1.488818  3.129284  0.516491  1.872504  0.000015  0.000050  0.000001  0.000024  11  1.900385  1.689909  0.869293  0.743722  1.517455  
2017  273  42300.000000  -1.489073  3.128091  0.516279  1.869848  0.000015  0.000049  0.000001  0.000016  11  1.918918  1.708581  0.873497  0.757675  1.531397  
2017  273  43200.000000  -1.489096  3.127350  0.516216  1.865996  0.000014  0.000048  0.000001  0.000016  11  1.928500  1.721426  0.869371  0.782121  1.533491  
2017  273  44100.000000  -1.489147  3.127145  0.516349  1.864501  0.000014  0.000047  0.000001  0.000016  10  2.048724  1.823637  0.933604  0.819699  1.629032  
2017  273  45000.000000  -1.489299  3.126660  0.516436  1.863921  0.000014  0.000045  0.000001  0.000008  10  1.902982  1.705477  0.844209  0.855271  1.475521  
2017  273  45900.000000  -1.489758  3.126893  0.516416  1.864819  0.000014  0.000044  0.000001  0.000014  9  2.046584  1.824276  0.927644  0.872875  1.601897  
2017  273  46800.000000  -1.489844  3.126299  0.516586  1.865856  0.000013  0.000043  0.000001  0.000024  9  2.040106  1.827067  0.907667  0.836613  1.624270  
2017  273  47700.000000  -1.490235  3.125509  0.516731  1.866229  0.000013  0.000043  0.000001  0.000025  9  2.041360  1.835693  0.892961  0.840663  1.631887  
2017  273  48600.000000  -1.490720  3.124556  0.516931  1.864601  0.000013  0.000042  0.000001  0.000017  9  2.017608  1.822153  0.866314  0.850879  1.611287  
2017  273  49500.000000  -1.491222  3.123806  0.516883  1.855886  0.000012  0.000041  0.000001  0.000016  8  2.025805  1.834790  0.858739  0.939008  1.576299  
2017  273  50400.000000  -1.491306  3.123778  0.516882  1.856966  0.000012  0.000041  0.000001  0.000032  8  2.181924  1.963520  0.951516  0.896711  1.746803  
2017  273  51300.000000  -1.491382  3.124962  0.516952  1.859206  0.000012  0.000040  0.000001  0.000037  8  2.409536  2.162634  1.062485  0.885351  1.973104  
2017  273  52200.000000  -1.490784  3.125066  0.517066  1.861739  0.000012  0.000040  0.000001  0.000031  8  2.666751  2.387990  1.187040  0.880491  2.219737  
2017  273  53100.000000  -1.491083  3.126012  0.516974  1.863522  0.000011  0.000039  0.000001  0.000020  8  2.873481  2.568833  1.287629  0.884222  2.411858  
2017  273  54000.000000  -1.491538  3.126049  0.516905  1.864081  0.000011  0.000039  0.000001  0.000033  8  2.913198  2.602092  1.309900  0.897798  2.442302  
2017  273  54900.000000  -1.492021  3.125939  0.516826  1.862790  0.000011  0.000039  0.000001  0.000036  7  4.427337  3.853681  2.179553  1.029888  3.713515  
2017  273  55800.000000  -1.491999  3.125929  0.516825  1.862895  0.000010  0.000039  0.000001  0.000032  9  2.251990  2.042403  0.948709  0.805364  1.876912  
2017  273  56700.000000  -1.492320  3.125950  0.516796  1.858916  0.000010  0.000038  0.000001  0.000024  9  2.241351  2.025152  0.960423  0.806538  1.857616  
2017  273  57600.000000  -1.492630  3.125752  0.516886  1.860950  0.000010  0.000038  0.000001  0.000015  10  1.969683  1.793685  0.813846  0.754303  1.627370  
2017  273  58500.000000  -1.493301  3.126299  0.516748  1.859680  0.000010  0.000037  0.000001  0.000007  10  1.881581  1.708021  0.789309  0.758354  1.530436  
2017  273  59400.000000  -1.494213  3.126169  0.516699  1.860658  0.000009  0.000036  0.000001  0.000022  8  2.603574  2.287304  1.243718  0.888016  2.107887  
2017  273  60300.000000  -1.494572  3.125902  0.516679  1.863856  0.000009  0.000036  0.000001  0.000028  9  2.257349  2.002672  1.041599  0.827308  1.823803  
2017  273  61200.000000  -1.494806  3.126080  0.516626  1.869452  0.000009  0.000036  0.000001  0.000030  9  2.473154  2.178774  1.170228  0.824311  2.016821  
2017  273  62100.000000  -1.494963  3.125699  0.516550  1.867347  0.000009  0.000036  0.000001  0.000029  10  2.253592  2.001113  1.036448  0.784339  1.840996  
2017  273  63000.000000  -1.494985  3.125702  0.516495  1.859167  0.000009  0.000036  0.000001  0.000025  10  2.345486  2.078738  1.086347  0.795520  1.920495  
2017  273  63900.000000  -1.495325  3.124767  0.516515  1.856938  0.000009  0.000035  0.000001  0.000018  10  2.255822  2.000385  1.042686  0.799679  1.833590  
2017  273  64800.000000  -1.495676  3.125061  0.516390  1.858474  0.000009  0.000034  0.000001  0.000009  11  1.842436  1.654844  0.809976  0.756934  1.471583  
2017  273  65700.000000  -1.495588  3.124996  0.516405  1.857153  0.000008  0.000033  0.000001  0.000019  10  2.168374  1.912026  1.022743  0.825291  1.724743  
2017  273  66600.000000  -1.496285  3.125619  0.516310  1.857959  0.000008  0.000033  0.000001  0.000019  11  1.788863  1.598822  0.802372  0.738871  1.417851  
2017  273  67500.000000  -1.496650  3.125719  0.516287  1.858653  0.000008  0.000032  0.000001  0.000015  10  1.885810  1.678948  0.858727  0.814655  1.468062  
2017  273  68400.000000  -1.496711  3.126292  0.516174  1.859792  0.000008  0.000031  0.000001  0.000007  10  1.883901  1.676963  0.858416  0.848280  1.446591  
2017  273  69300.000000  -1.496946  3.125833  0.516091  1.857070  0.000008  0.000030  0.000001  0.000019  9  1.908155  1.701859  0.862979  0.892864  1.448833  
2017  273  70200.000000  -1.496964  3.125533  0.516091  1.856242  0.000008  0.000030  0.000001  0.000019  9  2.111684  1.863752  0.992793  0.957572  1.598946  
2017  273  71100.000000  -1.496967  3.126238  0.516195  1.863609  0.000008  0.000030  0.000001  0.000016  9  2.055006  1.823127  0.948291  0.947634  1.557492  
2017  273  72000.000000  -1.496924  3.126004  0.516219  1.861517  0.000008  0.000030  0.000001  0.000013  9  2.013828  1.794488  0.913955  0.945616  1.525122  
2017  273  72900.000000  -1.496900  3.126308  0.516288  1.854704  0.000008  0.000029  0.000001  0.000013  10  1.714235  1.545269  0.742122  0.803203  1.320122  
2017  273  73800.000000  -1.497153  3.126700  0.516255  1.854060  0.000008  0.000029  0.000001  0.000011  10  1.752099  1.577276  0.762922  0.827088  1.343028  
2017  273  74700.000000  -1.497655  3.128085  0.516077  1.853568  0.000008  0.000028  0.000001  0.000010  10  1.814727  1.634391  0.788669  0.833229  1.406045  
2017  273  75600.000000  -1.497923  3.128793  0.515836  1.857857  0.000007  0.000028  0.000001  0.000010  11  1.667630  1.524945  0.674933  0.756189  1.324249  
2017  273  76500.000000  -1.498239  3.129272  0.515607  1.862034  0.000007  0.000028  0.000001  0.000009  8  2.358054  2.102520  1.067629  1.179841  1.740277  
2017  273  77400.000000  -1.498323  3.128755  0.515529  1.855860  0.000007  0.000027  0.000001  0.000012  11  1.686259  1.547583  0.669668  0.721175  1.369277  
2017  273  78300.000000  -1.498411  3.128646  0.515495  1.855273  0.000007  0.000027  0.000001  0.000016  10  1.811583  1.652712  0.741873  0.760985  1.467092  
2017  273  79200.000000  -1.498552  3.128829  0.515462  1.856700  0.000007  0.000027  0.000001  0.000023  9  2.144382  1.936561  0.920925  0.848512  1.740775  
2017  273  80100.000000  -1.498678  3.128539  0.515532  1.854724  0.000007  0.000027  0.000001  0.000023  8  2.215980  1.987849  0.979297  0.884639  1.780157  
2017  273  81000.000000  -1.498899  3.129336  0.515419  1.858530  0.000007  0.000026  0.000001  0.000017  9  2.147266  1.929772  0.941663  0.828345  1.742948  
2017  273  81900.000000  -1.498776  3.129043  0.515436  1.852901  0.000007  0.000026  0.000001  0.000010  11  1.768773  1.613090  0.725603  0.711395  1.447749  
